0 info it worked if it ends with ok
1 verbose cli [ '/usr/bin/node', '/usr/bin/npm', 'start' ]
2 info using npm@3.9.3
3 info using node@v6.2.1
4 verbose run-script [ 'prestart', 'start', 'poststart' ]
5 info lifecycle deep-cloud@1.0.0~prestart: deep-cloud@1.0.0
6 silly lifecycle deep-cloud@1.0.0~prestart: no script for prestart, continuing
7 info lifecycle deep-cloud@1.0.0~start: deep-cloud@1.0.0
8 verbose lifecycle deep-cloud@1.0.0~start: unsafe-perm in lifecycle true
9 verbose lifecycle deep-cloud@1.0.0~start: PATH: /usr/lib/node_modules/npm/bin/node-gyp-bin:/data/Workspace/S3Lab/DeepCloud/Web/UI/node_modules/.bin:/usr/bin:~/Android/Sdk/tools:~/Android/Sdk/platform-tools:~/Android/Sdk/tools:~/Android/Sdk/platform-tools:/usr/lib64/qt-3.3/bin:/usr/local/bin:/usr/local/sbin:/usr/bin:/usr/sbin:/home/sayak/.local/bin:/home/sayak/bin
10 verbose lifecycle deep-cloud@1.0.0~start: CWD: /data/Workspace/S3Lab/DeepCloud/Web/UI
11 silly lifecycle deep-cloud@1.0.0~start: Args: [ '-c', 'webpack-dev-server --host 0.0.0.0 --port 80' ]
12 silly lifecycle deep-cloud@1.0.0~start: Returned: code: 1  signal: null
13 info lifecycle deep-cloud@1.0.0~start: Failed to exec start script
14 verbose stack Error: deep-cloud@1.0.0 start: `webpack-dev-server --host 0.0.0.0 --port 80`
14 verbose stack Exit status 1
14 verbose stack     at EventEmitter.<anonymous> (/usr/lib/node_modules/npm/lib/utils/lifecycle.js:245:16)
14 verbose stack     at emitTwo (events.js:106:13)
14 verbose stack     at EventEmitter.emit (events.js:191:7)
14 verbose stack     at ChildProcess.<anonymous> (/usr/lib/node_modules/npm/lib/utils/spawn.js:24:14)
14 verbose stack     at emitTwo (events.js:106:13)
14 verbose stack     at ChildProcess.emit (events.js:191:7)
14 verbose stack     at maybeClose (internal/child_process.js:852:16)
14 verbose stack     at Process.ChildProcess._handle.onexit (internal/child_process.js:215:5)
15 verbose pkgid deep-cloud@1.0.0
16 verbose cwd /data/Workspace/S3Lab/DeepCloud/Web/UI
17 error Linux 4.5.6-200.fc23.x86_64
18 error argv "/usr/bin/node" "/usr/bin/npm" "start"
19 error node v6.2.1
20 error npm  v3.9.3
21 error code ELIFECYCLE
22 error deep-cloud@1.0.0 start: `webpack-dev-server --host 0.0.0.0 --port 80`
22 error Exit status 1
23 error Failed at the deep-cloud@1.0.0 start script 'webpack-dev-server --host 0.0.0.0 --port 80'.
23 error Make sure you have the latest version of node.js and npm installed.
23 error If you do, this is most likely a problem with the deep-cloud package,
23 error not with npm itself.
23 error Tell the author that this fails on your system:
23 error     webpack-dev-server --host 0.0.0.0 --port 80
23 error You can get information on how to open an issue for this project with:
23 error     npm bugs deep-cloud
23 error Or if that isn't available, you can get their info via:
23 error     npm owner ls deep-cloud
23 error There is likely additional logging output above.
24 verbose exit [ 1, true ]
